Done processing Audio.cpp
Done processing Audio.h
Done processing HelloWorld.cpp
Done processing Media.cpp
Done processing Media.h
Done processing PacketQueue.cpp
Done processing PacketQueue.h
Done processing PthreadQueue.cpp
Done processing PthreadQueue.hpp
Done processing RtpPacket.cpp
Done processing RtpPacket.hpp
Done processing RtspClient.cpp
Done processing RtspClient.hpp
Done processing RtspCommand.cpp
Done processing RtspCommand.hpp
Done processing RtspRequest.cpp
Done processing RtspRequest.hpp
Done processing RtspSession.cpp
Done processing RtspSession.hpp
Done processing UdpServer.cpp
Done processing UdpServer.hpp
Done processing Video.cpp
Done processing Video.h
Done processing audioengine.cpp
Done processing audioengine.hpp
Done processing avmuxer.cpp
Done processing cpplint.py
Done processing cvfacedetect.cpp
Done processing example.cpp
Done processing ffmpegtools.cpp
Done processing ffmpegtools.hpp
Done processing ffmpegutil.cpp
Done processing ffmpegutil.hpp
Done processing framehandlers.cpp
Done processing framehandlers.hpp
Done processing main.cpp
Done processing muxing.c
Done processing openalaudio.cpp
Done processing openalaudio.hpp
Done processing openalexample.c
Done processing opencvdemo.cpp
Done processing opencvdemo.hpp
Done processing opengldemo.cpp
Done processing opengldemo_1110.cpp
Done processing openglexample.cpp
Done processing rtp.h
Done processing testrtspclient.cpp
Done processing transcoding.cpp
Total errors found: 6417
